2021-08-27 11:36:14.008 [main] ERROR org.springframework.boot.SpringApplication - Application run failed
org.springframework.boot.context.properties.bind.BindException: Failed to bind properties under 'logging.level' to java.util.Map<java.lang.String, org.springframework.boot.logging.LogLevel>
	at org.springframework.boot.context.properties.bind.Binder.handleBindError(Binder.java:363)
	at org.springframework.boot.context.properties.bind.Binder.bind(Binder.java:323)
	at org.springframework.boot.context.properties.bind.Binder.bind(Binder.java:308)
	at org.springframework.boot.context.properties.bind.Binder.bind(Binder.java:238)
	at org.springframework.boot.context.properties.bind.Binder.bind(Binder.java:212)
	at org.springframework.boot.context.logging.LoggingApplicationListener.setLogLevels(LoggingApplicationListener.java:368)
	at org.springframework.boot.context.logging.LoggingApplicationListener.initializeFinalLoggingLevels(LoggingApplicationListener.java:335)
	at org.springframework.boot.context.logging.LoggingApplicationListener.initialize(LoggingApplicationListener.java:282)
	at org.springframework.boot.context.logging.LoggingApplicationListener.onApplicationEnvironmentPreparedEvent(LoggingApplicationListener.java:239)
	at org.springframework.boot.context.logging.LoggingApplicationListener.onApplicationEvent(LoggingApplicationListener.java:216)
	at org.springframework.context.event.SimpleApplicationEventMulticaster.doInvokeListener(SimpleApplicationEventMulticaster.java:172)
	at org.springframework.context.event.SimpleApplicationEventMulticaster.invokeListener(SimpleApplicationEventMulticaster.java:165)
	at org.springframework.context.event.SimpleApplicationEventMulticaster.multicastEvent(SimpleApplicationEventMulticaster.java:139)
	at org.springframework.context.event.SimpleApplicationEventMulticaster.multicastEvent(SimpleApplicationEventMulticaster.java:127)
	at org.springframework.boot.context.event.EventPublishingRunListener.environmentPrepared(EventPublishingRunListener.java:80)
	at org.springframework.boot.SpringApplicationRunListeners.environmentPrepared(SpringApplicationRunListeners.java:53)
	at org.springframework.boot.SpringApplication.prepareEnvironment(SpringApplication.java:342)
	at org.springframework.boot.SpringApplication.run(SpringApplication.java:307)
	at org.springframework.boot.builder.SpringApplicationBuilder.run(SpringApplicationBuilder.java:140)
	at org.springframework.cloud.bootstrap.BootstrapApplicationListener.bootstrapServiceContext(BootstrapApplicationListener.java:212)
	at org.springframework.cloud.bootstrap.BootstrapApplicationListener.onApplicationEvent(BootstrapApplicationListener.java:117)
	at org.springframework.cloud.bootstrap.BootstrapApplicationListener.onApplicationEvent(BootstrapApplicationListener.java:74)
	at org.springframework.context.event.SimpleApplicationEventMulticaster.doInvokeListener(SimpleApplicationEventMulticaster.java:172)
	at org.springframework.context.event.SimpleApplicationEventMulticaster.invokeListener(SimpleApplicationEventMulticaster.java:165)
	at org.springframework.context.event.SimpleApplicationEventMulticaster.multicastEvent(SimpleApplicationEventMulticaster.java:139)
	at org.springframework.context.event.SimpleApplicationEventMulticaster.multicastEvent(SimpleApplicationEventMulticaster.java:127)
	at org.springframework.boot.context.event.EventPublishingRunListener.environmentPrepared(EventPublishingRunListener.java:80)
	at org.springframework.boot.SpringApplicationRunListeners.environmentPrepared(SpringApplicationRunListeners.java:53)
	at org.springframework.boot.SpringApplication.prepareEnvironment(SpringApplication.java:342)
	at org.springframework.boot.SpringApplication.run(SpringApplication.java:307)
	at org.springframework.boot.SpringApplication.run(SpringApplication.java:1247)
	at org.springframework.boot.SpringApplication.run(SpringApplication.java:1236)
	at com.hz.gateway.GatewayApplication.main(GatewayApplication.java:19)
Caused by: org.springframework.core.convert.ConverterNotFoundException: No converter found capable of converting from type [java.lang.String] to type [java.util.Map<java.lang.String, org.springframework.boot.logging.LogLevel>]
	at org.springframework.core.convert.support.GenericConversionService.handleConverterNotFound(GenericConversionService.java:322)
	at org.springframework.core.convert.support.GenericConversionService.convert(GenericConversionService.java:195)
	at org.springframework.boot.context.properties.bind.BindConverter$CompositeConversionService.convert(BindConverter.java:170)
	at org.springframework.boot.context.properties.bind.BindConverter.convert(BindConverter.java:96)
	at org.springframework.boot.context.properties.bind.BindConverter.convert(BindConverter.java:88)
	at org.springframework.boot.context.properties.bind.MapBinder.bindAggregate(MapBinder.java:64)
	at org.springframework.boot.context.properties.bind.AggregateBinder.bind(AggregateBinder.java:56)
	at org.springframework.boot.context.properties.bind.Binder.lambda$bindAggregate$3(Binder.java:414)
	at org.springframework.boot.context.properties.bind.Binder$Context.withIncreasedDepth(Binder.java:571)
	at org.springframework.boot.context.properties.bind.Binder$Context.access$100(Binder.java:512)
	at org.springframework.boot.context.properties.bind.Binder.bindAggregate(Binder.java:414)
	at org.springframework.boot.context.properties.bind.Binder.bindObject(Binder.java:375)
	at org.springframework.boot.context.properties.bind.Binder.bind(Binder.java:319)
	... 31 common frames omitted
2021-08-27 11:36:14.016 [main] ERROR org.springframework.boot.SpringApplication - Application run failed
org.springframework.boot.context.properties.bind.BindException: Failed to bind properties under 'logging.level' to java.util.Map<java.lang.String, org.springframework.boot.logging.LogLevel>
	at org.springframework.boot.context.properties.bind.Binder.handleBindError(Binder.java:363)
	at org.springframework.boot.context.properties.bind.Binder.bind(Binder.java:323)
	at org.springframework.boot.context.properties.bind.Binder.bind(Binder.java:308)
	at org.springframework.boot.context.properties.bind.Binder.bind(Binder.java:238)
	at org.springframework.boot.context.properties.bind.Binder.bind(Binder.java:212)
	at org.springframework.boot.context.logging.LoggingApplicationListener.setLogLevels(LoggingApplicationListener.java:368)
	at org.springframework.boot.context.logging.LoggingApplicationListener.initializeFinalLoggingLevels(LoggingApplicationListener.java:335)
	at org.springframework.boot.context.logging.LoggingApplicationListener.initialize(LoggingApplicationListener.java:282)
	at org.springframework.boot.context.logging.LoggingApplicationListener.onApplicationEnvironmentPreparedEvent(LoggingApplicationListener.java:239)
	at org.springframework.boot.context.logging.LoggingApplicationListener.onApplicationEvent(LoggingApplicationListener.java:216)
	at org.springframework.context.event.SimpleApplicationEventMulticaster.doInvokeListener(SimpleApplicationEventMulticaster.java:172)
	at org.springframework.context.event.SimpleApplicationEventMulticaster.invokeListener(SimpleApplicationEventMulticaster.java:165)
	at org.springframework.context.event.SimpleApplicationEventMulticaster.multicastEvent(SimpleApplicationEventMulticaster.java:139)
	at org.springframework.context.event.SimpleApplicationEventMulticaster.multicastEvent(SimpleApplicationEventMulticaster.java:127)
	at org.springframework.boot.context.event.EventPublishingRunListener.environmentPrepared(EventPublishingRunListener.java:80)
	at org.springframework.boot.SpringApplicationRunListeners.environmentPrepared(SpringApplicationRunListeners.java:53)
	at org.springframework.boot.SpringApplication.prepareEnvironment(SpringApplication.java:342)
	at org.springframework.boot.SpringApplication.run(SpringApplication.java:307)
	at org.springframework.boot.builder.SpringApplicationBuilder.run(SpringApplicationBuilder.java:140)
	at org.springframework.cloud.bootstrap.BootstrapApplicationListener.bootstrapServiceContext(BootstrapApplicationListener.java:212)
	at org.springframework.cloud.bootstrap.BootstrapApplicationListener.onApplicationEvent(BootstrapApplicationListener.java:117)
	at org.springframework.cloud.bootstrap.BootstrapApplicationListener.onApplicationEvent(BootstrapApplicationListener.java:74)
	at org.springframework.context.event.SimpleApplicationEventMulticaster.doInvokeListener(SimpleApplicationEventMulticaster.java:172)
	at org.springframework.context.event.SimpleApplicationEventMulticaster.invokeListener(SimpleApplicationEventMulticaster.java:165)
	at org.springframework.context.event.SimpleApplicationEventMulticaster.multicastEvent(SimpleApplicationEventMulticaster.java:139)
	at org.springframework.context.event.SimpleApplicationEventMulticaster.multicastEvent(SimpleApplicationEventMulticaster.java:127)
	at org.springframework.boot.context.event.EventPublishingRunListener.environmentPrepared(EventPublishingRunListener.java:80)
	at org.springframework.boot.SpringApplicationRunListeners.environmentPrepared(SpringApplicationRunListeners.java:53)
	at org.springframework.boot.SpringApplication.prepareEnvironment(SpringApplication.java:342)
	at org.springframework.boot.SpringApplication.run(SpringApplication.java:307)
	at org.springframework.boot.SpringApplication.run(SpringApplication.java:1247)
	at org.springframework.boot.SpringApplication.run(SpringApplication.java:1236)
	at com.hz.gateway.GatewayApplication.main(GatewayApplication.java:19)
Caused by: org.springframework.core.convert.ConverterNotFoundException: No converter found capable of converting from type [java.lang.String] to type [java.util.Map<java.lang.String, org.springframework.boot.logging.LogLevel>]
	at org.springframework.core.convert.support.GenericConversionService.handleConverterNotFound(GenericConversionService.java:322)
	at org.springframework.core.convert.support.GenericConversionService.convert(GenericConversionService.java:195)
	at org.springframework.boot.context.properties.bind.BindConverter$CompositeConversionService.convert(BindConverter.java:170)
	at org.springframework.boot.context.properties.bind.BindConverter.convert(BindConverter.java:96)
	at org.springframework.boot.context.properties.bind.BindConverter.convert(BindConverter.java:88)
	at org.springframework.boot.context.properties.bind.MapBinder.bindAggregate(MapBinder.java:64)
	at org.springframework.boot.context.properties.bind.AggregateBinder.bind(AggregateBinder.java:56)
	at org.springframework.boot.context.properties.bind.Binder.lambda$bindAggregate$3(Binder.java:414)
	at org.springframework.boot.context.properties.bind.Binder$Context.withIncreasedDepth(Binder.java:571)
	at org.springframework.boot.context.properties.bind.Binder$Context.access$100(Binder.java:512)
	at org.springframework.boot.context.properties.bind.Binder.bindAggregate(Binder.java:414)
	at org.springframework.boot.context.properties.bind.Binder.bindObject(Binder.java:375)
	at org.springframework.boot.context.properties.bind.Binder.bind(Binder.java:319)
	... 31 common frames omitted
2021-08-27 12:30:15.408 [pool-2-thread-1] ERROR org.springframework.scheduling.support.TaskUtils$LoggingErrorHandler - Unexpected error occurred in scheduled task
com.ecwid.consul.transport.TransportException: java.net.SocketException: Connection reset
	at com.ecwid.consul.transport.AbstractHttpTransport.executeRequest(AbstractHttpTransport.java:83)
	at com.ecwid.consul.transport.AbstractHttpTransport.makePutRequest(AbstractHttpTransport.java:49)
	at com.ecwid.consul.v1.ConsulRawClient.makePutRequest(ConsulRawClient.java:163)
	at com.ecwid.consul.v1.agent.AgentConsulClient.agentCheckPass(AgentConsulClient.java:206)
	at com.ecwid.consul.v1.agent.AgentConsulClient.agentCheckPass(AgentConsulClient.java:198)
	at com.ecwid.consul.v1.agent.AgentConsulClient.agentCheckPass(AgentConsulClient.java:193)
	at com.ecwid.consul.v1.ConsulClient.agentCheckPass(ConsulClient.java:260)
	at org.springframework.cloud.consul.discovery.TtlScheduler$ConsulHeartbeatTask.run(TtlScheduler.java:95)
	at org.springframework.scheduling.support.DelegatingErrorHandlingRunnable.run(DelegatingErrorHandlingRunnable.java:54)
	at java.util.concurrent.Executors$RunnableAdapter.call(Executors.java:511)
	at java.util.concurrent.FutureTask.runAndReset$$$capture(FutureTask.java:308)
	at java.util.concurrent.FutureTask.runAndReset(FutureTask.java)
	at java.util.concurrent.ScheduledThreadPoolExecutor$ScheduledFutureTask.access$301(ScheduledThreadPoolExecutor.java:180)
	at java.util.concurrent.ScheduledThreadPoolExecutor$ScheduledFutureTask.run(ScheduledThreadPoolExecutor.java:294)
	at java.util.concurrent.ThreadPoolExecutor.runWorker(ThreadPoolExecutor.java:1149)
	at java.util.concurrent.ThreadPoolExecutor$Worker.run(ThreadPoolExecutor.java:624)
	at java.lang.Thread.run(Thread.java:748)
Caused by: java.net.SocketException: Connection reset
	at java.net.SocketInputStream.read(SocketInputStream.java:210)
	at java.net.SocketInputStream.read(SocketInputStream.java:141)
	at org.apache.http.impl.io.SessionInputBufferImpl.streamRead(SessionInputBufferImpl.java:137)
	at org.apache.http.impl.io.SessionInputBufferImpl.fillBuffer(SessionInputBufferImpl.java:153)
	at org.apache.http.impl.io.SessionInputBufferImpl.readLine(SessionInputBufferImpl.java:280)
	at org.apache.http.impl.conn.DefaultHttpResponseParser.parseHead(DefaultHttpResponseParser.java:138)
	at org.apache.http.impl.conn.DefaultHttpResponseParser.parseHead(DefaultHttpResponseParser.java:56)
	at org.apache.http.impl.io.AbstractMessageParser.parse(AbstractMessageParser.java:259)
	at org.apache.http.impl.DefaultBHttpClientConnection.receiveResponseHeader(DefaultBHttpClientConnection.java:163)
	at org.apache.http.impl.conn.CPoolProxy.receiveResponseHeader(CPoolProxy.java:157)
	at org.apache.http.protocol.HttpRequestExecutor.doReceiveResponse(HttpRequestExecutor.java:273)
	at org.apache.http.protocol.HttpRequestExecutor.execute(HttpRequestExecutor.java:125)
	at org.apache.http.impl.execchain.MainClientExec.execute(MainClientExec.java:272)
	at org.apache.http.impl.execchain.ProtocolExec.execute(ProtocolExec.java:186)
	at org.apache.http.impl.execchain.RetryExec.execute(RetryExec.java:89)
	at org.apache.http.impl.execchain.RedirectExec.execute(RedirectExec.java:110)
	at org.apache.http.impl.client.InternalHttpClient.doExecute(InternalHttpClient.java:185)
	at org.apache.http.impl.client.CloseableHttpClient.execute(CloseableHttpClient.java:72)
	at org.apache.http.impl.client.CloseableHttpClient.execute(CloseableHttpClient.java:221)
	at org.apache.http.impl.client.CloseableHttpClient.execute(CloseableHttpClient.java:165)
	at org.apache.http.impl.client.CloseableHttpClient.execute(CloseableHttpClient.java:140)
	at com.ecwid.consul.transport.AbstractHttpTransport.executeRequest(AbstractHttpTransport.java:70)
	... 16 common frames omitted
2021-08-27 12:54:53.148 [pool-2-thread-1] ERROR org.springframework.scheduling.support.TaskUtils$LoggingErrorHandler - Unexpected error occurred in scheduled task
com.ecwid.consul.transport.TransportException: java.net.SocketException: Connection reset
	at com.ecwid.consul.transport.AbstractHttpTransport.executeRequest(AbstractHttpTransport.java:83)
	at com.ecwid.consul.transport.AbstractHttpTransport.makePutRequest(AbstractHttpTransport.java:49)
	at com.ecwid.consul.v1.ConsulRawClient.makePutRequest(ConsulRawClient.java:163)
	at com.ecwid.consul.v1.agent.AgentConsulClient.agentCheckPass(AgentConsulClient.java:206)
	at com.ecwid.consul.v1.agent.AgentConsulClient.agentCheckPass(AgentConsulClient.java:198)
	at com.ecwid.consul.v1.agent.AgentConsulClient.agentCheckPass(AgentConsulClient.java:193)
	at com.ecwid.consul.v1.ConsulClient.agentCheckPass(ConsulClient.java:260)
	at org.springframework.cloud.consul.discovery.TtlScheduler$ConsulHeartbeatTask.run(TtlScheduler.java:95)
	at org.springframework.scheduling.support.DelegatingErrorHandlingRunnable.run(DelegatingErrorHandlingRunnable.java:54)
	at java.util.concurrent.Executors$RunnableAdapter.call(Executors.java:511)
	at java.util.concurrent.FutureTask.runAndReset$$$capture(FutureTask.java:308)
	at java.util.concurrent.FutureTask.runAndReset(FutureTask.java)
	at java.util.concurrent.ScheduledThreadPoolExecutor$ScheduledFutureTask.access$301(ScheduledThreadPoolExecutor.java:180)
	at java.util.concurrent.ScheduledThreadPoolExecutor$ScheduledFutureTask.run(ScheduledThreadPoolExecutor.java:294)
	at java.util.concurrent.ThreadPoolExecutor.runWorker(ThreadPoolExecutor.java:1149)
	at java.util.concurrent.ThreadPoolExecutor$Worker.run(ThreadPoolExecutor.java:624)
	at java.lang.Thread.run(Thread.java:748)
Caused by: java.net.SocketException: Connection reset
	at java.net.SocketInputStream.read(SocketInputStream.java:210)
	at java.net.SocketInputStream.read(SocketInputStream.java:141)
	at org.apache.http.impl.conn.LoggingInputStream.read(LoggingInputStream.java:84)
	at org.apache.http.impl.io.SessionInputBufferImpl.streamRead(SessionInputBufferImpl.java:137)
	at org.apache.http.impl.io.SessionInputBufferImpl.fillBuffer(SessionInputBufferImpl.java:153)
	at org.apache.http.impl.io.SessionInputBufferImpl.readLine(SessionInputBufferImpl.java:280)
	at org.apache.http.impl.conn.DefaultHttpResponseParser.parseHead(DefaultHttpResponseParser.java:138)
	at org.apache.http.impl.conn.DefaultHttpResponseParser.parseHead(DefaultHttpResponseParser.java:56)
	at org.apache.http.impl.io.AbstractMessageParser.parse(AbstractMessageParser.java:259)
	at org.apache.http.impl.DefaultBHttpClientConnection.receiveResponseHeader(DefaultBHttpClientConnection.java:163)
	at org.apache.http.impl.conn.CPoolProxy.receiveResponseHeader(CPoolProxy.java:157)
	at org.apache.http.protocol.HttpRequestExecutor.doReceiveResponse(HttpRequestExecutor.java:273)
	at org.apache.http.protocol.HttpRequestExecutor.execute(HttpRequestExecutor.java:125)
	at org.apache.http.impl.execchain.MainClientExec.execute(MainClientExec.java:272)
	at org.apache.http.impl.execchain.ProtocolExec.execute(ProtocolExec.java:186)
	at org.apache.http.impl.execchain.RetryExec.execute(RetryExec.java:89)
	at org.apache.http.impl.execchain.RedirectExec.execute(RedirectExec.java:110)
	at org.apache.http.impl.client.InternalHttpClient.doExecute(InternalHttpClient.java:185)
	at org.apache.http.impl.client.CloseableHttpClient.execute(CloseableHttpClient.java:72)
	at org.apache.http.impl.client.CloseableHttpClient.execute(CloseableHttpClient.java:221)
	at org.apache.http.impl.client.CloseableHttpClient.execute(CloseableHttpClient.java:165)
	at org.apache.http.impl.client.CloseableHttpClient.execute(CloseableHttpClient.java:140)
	at com.ecwid.consul.transport.AbstractHttpTransport.executeRequest(AbstractHttpTransport.java:70)
	... 16 common frames omitted
2021-08-27 13:12:36.063 [pool-2-thread-1] ERROR org.springframework.scheduling.support.TaskUtils$LoggingErrorHandler - Unexpected error occurred in scheduled task
com.ecwid.consul.transport.TransportException: java.net.SocketException: Connection reset
	at com.ecwid.consul.transport.AbstractHttpTransport.executeRequest(AbstractHttpTransport.java:83)
	at com.ecwid.consul.transport.AbstractHttpTransport.makePutRequest(AbstractHttpTransport.java:49)
	at com.ecwid.consul.v1.ConsulRawClient.makePutRequest(ConsulRawClient.java:163)
	at com.ecwid.consul.v1.agent.AgentConsulClient.agentCheckPass(AgentConsulClient.java:206)
	at com.ecwid.consul.v1.agent.AgentConsulClient.agentCheckPass(AgentConsulClient.java:198)
	at com.ecwid.consul.v1.agent.AgentConsulClient.agentCheckPass(AgentConsulClient.java:193)
	at com.ecwid.consul.v1.ConsulClient.agentCheckPass(ConsulClient.java:260)
	at org.springframework.cloud.consul.discovery.TtlScheduler$ConsulHeartbeatTask.run(TtlScheduler.java:95)
	at org.springframework.scheduling.support.DelegatingErrorHandlingRunnable.run(DelegatingErrorHandlingRunnable.java:54)
	at java.util.concurrent.Executors$RunnableAdapter.call(Executors.java:511)
	at java.util.concurrent.FutureTask.runAndReset$$$capture(FutureTask.java:308)
	at java.util.concurrent.FutureTask.runAndReset(FutureTask.java)
	at java.util.concurrent.ScheduledThreadPoolExecutor$ScheduledFutureTask.access$301(ScheduledThreadPoolExecutor.java:180)
	at java.util.concurrent.ScheduledThreadPoolExecutor$ScheduledFutureTask.run(ScheduledThreadPoolExecutor.java:294)
	at java.util.concurrent.ThreadPoolExecutor.runWorker(ThreadPoolExecutor.java:1149)
	at java.util.concurrent.ThreadPoolExecutor$Worker.run(ThreadPoolExecutor.java:624)
	at java.lang.Thread.run(Thread.java:748)
Caused by: java.net.SocketException: Connection reset
	at java.net.SocketInputStream.read(SocketInputStream.java:210)
	at java.net.SocketInputStream.read(SocketInputStream.java:141)
	at org.apache.http.impl.conn.LoggingInputStream.read(LoggingInputStream.java:84)
	at org.apache.http.impl.io.SessionInputBufferImpl.streamRead(SessionInputBufferImpl.java:137)
	at org.apache.http.impl.io.SessionInputBufferImpl.fillBuffer(SessionInputBufferImpl.java:153)
	at org.apache.http.impl.io.SessionInputBufferImpl.readLine(SessionInputBufferImpl.java:280)
	at org.apache.http.impl.conn.DefaultHttpResponseParser.parseHead(DefaultHttpResponseParser.java:138)
	at org.apache.http.impl.conn.DefaultHttpResponseParser.parseHead(DefaultHttpResponseParser.java:56)
	at org.apache.http.impl.io.AbstractMessageParser.parse(AbstractMessageParser.java:259)
	at org.apache.http.impl.DefaultBHttpClientConnection.receiveResponseHeader(DefaultBHttpClientConnection.java:163)
	at org.apache.http.impl.conn.CPoolProxy.receiveResponseHeader(CPoolProxy.java:157)
	at org.apache.http.protocol.HttpRequestExecutor.doReceiveResponse(HttpRequestExecutor.java:273)
	at org.apache.http.protocol.HttpRequestExecutor.execute(HttpRequestExecutor.java:125)
	at org.apache.http.impl.execchain.MainClientExec.execute(MainClientExec.java:272)
	at org.apache.http.impl.execchain.ProtocolExec.execute(ProtocolExec.java:186)
	at org.apache.http.impl.execchain.RetryExec.execute(RetryExec.java:89)
	at org.apache.http.impl.execchain.RedirectExec.execute(RedirectExec.java:110)
	at org.apache.http.impl.client.InternalHttpClient.doExecute(InternalHttpClient.java:185)
	at org.apache.http.impl.client.CloseableHttpClient.execute(CloseableHttpClient.java:72)
	at org.apache.http.impl.client.CloseableHttpClient.execute(CloseableHttpClient.java:221)
	at org.apache.http.impl.client.CloseableHttpClient.execute(CloseableHttpClient.java:165)
	at org.apache.http.impl.client.CloseableHttpClient.execute(CloseableHttpClient.java:140)
	at com.ecwid.consul.transport.AbstractHttpTransport.executeRequest(AbstractHttpTransport.java:70)
	... 16 common frames omitted
2021-08-27 13:30:10.781 [pool-2-thread-1] ERROR org.springframework.scheduling.support.TaskUtils$LoggingErrorHandler - Unexpected error occurred in scheduled task
com.ecwid.consul.transport.TransportException: java.net.SocketException: Connection reset
	at com.ecwid.consul.transport.AbstractHttpTransport.executeRequest(AbstractHttpTransport.java:83)
	at com.ecwid.consul.transport.AbstractHttpTransport.makePutRequest(AbstractHttpTransport.java:49)
	at com.ecwid.consul.v1.ConsulRawClient.makePutRequest(ConsulRawClient.java:163)
	at com.ecwid.consul.v1.agent.AgentConsulClient.agentCheckPass(AgentConsulClient.java:206)
	at com.ecwid.consul.v1.agent.AgentConsulClient.agentCheckPass(AgentConsulClient.java:198)
	at com.ecwid.consul.v1.agent.AgentConsulClient.agentCheckPass(AgentConsulClient.java:193)
	at com.ecwid.consul.v1.ConsulClient.agentCheckPass(ConsulClient.java:260)
	at org.springframework.cloud.consul.discovery.TtlScheduler$ConsulHeartbeatTask.run(TtlScheduler.java:95)
	at org.springframework.scheduling.support.DelegatingErrorHandlingRunnable.run(DelegatingErrorHandlingRunnable.java:54)
	at java.util.concurrent.Executors$RunnableAdapter.call(Executors.java:511)
	at java.util.concurrent.FutureTask.runAndReset$$$capture(FutureTask.java:308)
	at java.util.concurrent.FutureTask.runAndReset(FutureTask.java)
	at java.util.concurrent.ScheduledThreadPoolExecutor$ScheduledFutureTask.access$301(ScheduledThreadPoolExecutor.java:180)
	at java.util.concurrent.ScheduledThreadPoolExecutor$ScheduledFutureTask.run(ScheduledThreadPoolExecutor.java:294)
	at java.util.concurrent.ThreadPoolExecutor.runWorker(ThreadPoolExecutor.java:1149)
	at java.util.concurrent.ThreadPoolExecutor$Worker.run(ThreadPoolExecutor.java:624)
	at java.lang.Thread.run(Thread.java:748)
Caused by: java.net.SocketException: Connection reset
	at java.net.SocketInputStream.read(SocketInputStream.java:210)
	at java.net.SocketInputStream.read(SocketInputStream.java:141)
	at org.apache.http.impl.conn.LoggingInputStream.read(LoggingInputStream.java:84)
	at org.apache.http.impl.io.SessionInputBufferImpl.streamRead(SessionInputBufferImpl.java:137)
	at org.apache.http.impl.io.SessionInputBufferImpl.fillBuffer(SessionInputBufferImpl.java:153)
	at org.apache.http.impl.io.SessionInputBufferImpl.readLine(SessionInputBufferImpl.java:280)
	at org.apache.http.impl.conn.DefaultHttpResponseParser.parseHead(DefaultHttpResponseParser.java:138)
	at org.apache.http.impl.conn.DefaultHttpResponseParser.parseHead(DefaultHttpResponseParser.java:56)
	at org.apache.http.impl.io.AbstractMessageParser.parse(AbstractMessageParser.java:259)
	at org.apache.http.impl.DefaultBHttpClientConnection.receiveResponseHeader(DefaultBHttpClientConnection.java:163)
	at org.apache.http.impl.conn.CPoolProxy.receiveResponseHeader(CPoolProxy.java:157)
	at org.apache.http.protocol.HttpRequestExecutor.doReceiveResponse(HttpRequestExecutor.java:273)
	at org.apache.http.protocol.HttpRequestExecutor.execute(HttpRequestExecutor.java:125)
	at org.apache.http.impl.execchain.MainClientExec.execute(MainClientExec.java:272)
	at org.apache.http.impl.execchain.ProtocolExec.execute(ProtocolExec.java:186)
	at org.apache.http.impl.execchain.RetryExec.execute(RetryExec.java:89)
	at org.apache.http.impl.execchain.RedirectExec.execute(RedirectExec.java:110)
	at org.apache.http.impl.client.InternalHttpClient.doExecute(InternalHttpClient.java:185)
	at org.apache.http.impl.client.CloseableHttpClient.execute(CloseableHttpClient.java:72)
	at org.apache.http.impl.client.CloseableHttpClient.execute(CloseableHttpClient.java:221)
	at org.apache.http.impl.client.CloseableHttpClient.execute(CloseableHttpClient.java:165)
	at org.apache.http.impl.client.CloseableHttpClient.execute(CloseableHttpClient.java:140)
	at com.ecwid.consul.transport.AbstractHttpTransport.executeRequest(AbstractHttpTransport.java:70)
	... 16 common frames omitted
2021-08-27 13:41:06.157 [pool-2-thread-1] ERROR org.springframework.scheduling.support.TaskUtils$LoggingErrorHandler - Unexpected error occurred in scheduled task
com.ecwid.consul.transport.TransportException: java.net.SocketException: Connection reset
	at com.ecwid.consul.transport.AbstractHttpTransport.executeRequest(AbstractHttpTransport.java:83)
	at com.ecwid.consul.transport.AbstractHttpTransport.makePutRequest(AbstractHttpTransport.java:49)
	at com.ecwid.consul.v1.ConsulRawClient.makePutRequest(ConsulRawClient.java:163)
	at com.ecwid.consul.v1.agent.AgentConsulClient.agentCheckPass(AgentConsulClient.java:206)
	at com.ecwid.consul.v1.agent.AgentConsulClient.agentCheckPass(AgentConsulClient.java:198)
	at com.ecwid.consul.v1.agent.AgentConsulClient.agentCheckPass(AgentConsulClient.java:193)
	at com.ecwid.consul.v1.ConsulClient.agentCheckPass(ConsulClient.java:260)
	at org.springframework.cloud.consul.discovery.TtlScheduler$ConsulHeartbeatTask.run(TtlScheduler.java:95)
	at org.springframework.scheduling.support.DelegatingErrorHandlingRunnable.run(DelegatingErrorHandlingRunnable.java:54)
	at java.util.concurrent.Executors$RunnableAdapter.call(Executors.java:511)
	at java.util.concurrent.FutureTask.runAndReset$$$capture(FutureTask.java:308)
	at java.util.concurrent.FutureTask.runAndReset(FutureTask.java)
	at java.util.concurrent.ScheduledThreadPoolExecutor$ScheduledFutureTask.access$301(ScheduledThreadPoolExecutor.java:180)
	at java.util.concurrent.ScheduledThreadPoolExecutor$ScheduledFutureTask.run(ScheduledThreadPoolExecutor.java:294)
	at java.util.concurrent.ThreadPoolExecutor.runWorker(ThreadPoolExecutor.java:1149)
	at java.util.concurrent.ThreadPoolExecutor$Worker.run(ThreadPoolExecutor.java:624)
	at java.lang.Thread.run(Thread.java:748)
Caused by: java.net.SocketException: Connection reset
	at java.net.SocketInputStream.read(SocketInputStream.java:210)
	at java.net.SocketInputStream.read(SocketInputStream.java:141)
	at org.apache.http.impl.conn.LoggingInputStream.read(LoggingInputStream.java:84)
	at org.apache.http.impl.io.SessionInputBufferImpl.streamRead(SessionInputBufferImpl.java:137)
	at org.apache.http.impl.io.SessionInputBufferImpl.fillBuffer(SessionInputBufferImpl.java:153)
	at org.apache.http.impl.io.SessionInputBufferImpl.readLine(SessionInputBufferImpl.java:280)
	at org.apache.http.impl.conn.DefaultHttpResponseParser.parseHead(DefaultHttpResponseParser.java:138)
	at org.apache.http.impl.conn.DefaultHttpResponseParser.parseHead(DefaultHttpResponseParser.java:56)
	at org.apache.http.impl.io.AbstractMessageParser.parse(AbstractMessageParser.java:259)
	at org.apache.http.impl.DefaultBHttpClientConnection.receiveResponseHeader(DefaultBHttpClientConnection.java:163)
	at org.apache.http.impl.conn.CPoolProxy.receiveResponseHeader(CPoolProxy.java:157)
	at org.apache.http.protocol.HttpRequestExecutor.doReceiveResponse(HttpRequestExecutor.java:273)
	at org.apache.http.protocol.HttpRequestExecutor.execute(HttpRequestExecutor.java:125)
	at org.apache.http.impl.execchain.MainClientExec.execute(MainClientExec.java:272)
	at org.apache.http.impl.execchain.ProtocolExec.execute(ProtocolExec.java:186)
	at org.apache.http.impl.execchain.RetryExec.execute(RetryExec.java:89)
	at org.apache.http.impl.execchain.RedirectExec.execute(RedirectExec.java:110)
	at org.apache.http.impl.client.InternalHttpClient.doExecute(InternalHttpClient.java:185)
	at org.apache.http.impl.client.CloseableHttpClient.execute(CloseableHttpClient.java:72)
	at org.apache.http.impl.client.CloseableHttpClient.execute(CloseableHttpClient.java:221)
	at org.apache.http.impl.client.CloseableHttpClient.execute(CloseableHttpClient.java:165)
	at org.apache.http.impl.client.CloseableHttpClient.execute(CloseableHttpClient.java:140)
	at com.ecwid.consul.transport.AbstractHttpTransport.executeRequest(AbstractHttpTransport.java:70)
	... 16 common frames omitted
2021-08-27 13:46:15.993 [catalogWatchTaskScheduler-1] ERROR org.springframework.cloud.consul.discovery.ConsulDiscoveryClient - Error watching Consul CatalogServices
com.ecwid.consul.transport.TransportException: java.net.SocketTimeoutException: Read timed out
	at com.ecwid.consul.transport.AbstractHttpTransport.executeRequest(AbstractHttpTransport.java:83)
	at com.ecwid.consul.transport.AbstractHttpTransport.makeGetRequest(AbstractHttpTransport.java:36)
	at com.ecwid.consul.v1.ConsulRawClient.makeGetRequest(ConsulRawClient.java:139)
	at com.ecwid.consul.v1.catalog.CatalogConsulClient.getCatalogServices(CatalogConsulClient.java:143)
	at com.ecwid.consul.v1.ConsulClient.getCatalogServices(ConsulClient.java:400)
	at org.springframework.cloud.consul.discovery.ConsulCatalogWatch.catalogServicesWatch(ConsulCatalogWatch.java:135)
	at org.springframework.scheduling.support.DelegatingErrorHandlingRunnable.run(DelegatingErrorHandlingRunnable.java:54)
	at java.util.concurrent.Executors$RunnableAdapter.call(Executors.java:511)
	at java.util.concurrent.FutureTask.runAndReset$$$capture(FutureTask.java:308)
	at java.util.concurrent.FutureTask.runAndReset(FutureTask.java)
	at java.util.concurrent.ScheduledThreadPoolExecutor$ScheduledFutureTask.access$301(ScheduledThreadPoolExecutor.java:180)
	at java.util.concurrent.ScheduledThreadPoolExecutor$ScheduledFutureTask.run(ScheduledThreadPoolExecutor.java:294)
	at java.util.concurrent.ThreadPoolExecutor.runWorker(ThreadPoolExecutor.java:1149)
	at java.util.concurrent.ThreadPoolExecutor$Worker.run(ThreadPoolExecutor.java:624)
	at java.lang.Thread.run(Thread.java:748)
Caused by: java.net.SocketTimeoutException: Read timed out
	at java.net.SocketInputStream.socketRead0(Native Method)
	at java.net.SocketInputStream.socketRead(SocketInputStream.java:116)
	at java.net.SocketInputStream.read(SocketInputStream.java:171)
	at java.net.SocketInputStream.read(SocketInputStream.java:141)
	at org.apache.http.impl.io.SessionInputBufferImpl.streamRead(SessionInputBufferImpl.java:137)
	at org.apache.http.impl.io.SessionInputBufferImpl.fillBuffer(SessionInputBufferImpl.java:153)
	at org.apache.http.impl.io.SessionInputBufferImpl.readLine(SessionInputBufferImpl.java:280)
	at org.apache.http.impl.conn.DefaultHttpResponseParser.parseHead(DefaultHttpResponseParser.java:138)
	at org.apache.http.impl.conn.DefaultHttpResponseParser.parseHead(DefaultHttpResponseParser.java:56)
	at org.apache.http.impl.io.AbstractMessageParser.parse(AbstractMessageParser.java:259)
	at org.apache.http.impl.DefaultBHttpClientConnection.receiveResponseHeader(DefaultBHttpClientConnection.java:163)
	at org.apache.http.impl.conn.CPoolProxy.receiveResponseHeader(CPoolProxy.java:157)
	at org.apache.http.protocol.HttpRequestExecutor.doReceiveResponse(HttpRequestExecutor.java:273)
	at org.apache.http.protocol.HttpRequestExecutor.execute(HttpRequestExecutor.java:125)
	at org.apache.http.impl.execchain.MainClientExec.execute(MainClientExec.java:272)
	at org.apache.http.impl.execchain.ProtocolExec.execute(ProtocolExec.java:186)
	at org.apache.http.impl.execchain.RetryExec.execute(RetryExec.java:89)
	at org.apache.http.impl.execchain.RedirectExec.execute(RedirectExec.java:110)
	at org.apache.http.impl.client.InternalHttpClient.doExecute(InternalHttpClient.java:185)
	at org.apache.http.impl.client.CloseableHttpClient.execute(CloseableHttpClient.java:72)
	at org.apache.http.impl.client.CloseableHttpClient.execute(CloseableHttpClient.java:221)
	at org.apache.http.impl.client.CloseableHttpClient.execute(CloseableHttpClient.java:165)
	at org.apache.http.impl.client.CloseableHttpClient.execute(CloseableHttpClient.java:140)
	at com.ecwid.consul.transport.AbstractHttpTransport.executeRequest(AbstractHttpTransport.java:70)
	... 14 common frames omitted
